{"logTime": "1125/200334", "correlationVector":"BFB1Kt2j+o7IHCGFqh+HWx.1","action":"SyncServerConnectionManagerRequest", "result":"SYNC_SERVER_OK", "context":{"environment":"Prod_WestEurope_x00e", "migrationStage":"NotStarted", "server":"GENERAL0200001J"}}
{"logTime": "1125/200334", "correlationVector":"7b2p6CjJukFrF2k/dX03sr","action":"SyncServerConnectionManagerRequest", "result":"SYNC_SERVER_OK", "context":{"environment":"", "migrationStage":"", "server":""}}
{"logTime": "1125/200334", "correlationVector":"BFB1Kt2j+o7IHCGFqh+HWx","action":"Initial GetUpdates", "result":"", "context":Reason: NEW_CLIENT. cV=BFB1Kt2j+o7IHCGFqh+HWx}
{"logTime": "1125/200334", "correlationVector":"BFB1Kt2j+o7IHCGFqh+HWx.2","action":"GetUpdates Response", "result":"Success", "context":Received 1 update(s). cV=BFB1Kt2j+o7IHCGFqh+HWx.0;server=GENERAL0200001J;cloudType=Consumer;environment=Prod_WestEurope_x00e;migrationStage=NotStarted}
{"logTime": "1125/200334", "correlationVector":"xGps+8gQdjKKLLdAJUNy/O","action":"Initial GetUpdates", "result":"", "context":Reason: NEWLY_SUPPORTED_DATATYPE. cV=xGps+8gQdjKKLLdAJUNy/O}
{"logTime": "1125/200334", "correlationVector":"xGps+8gQdjKKLLdAJUNy/O.1","action":"SyncServerConnectionManagerRequest", "result":"SYNC_SERVER_OK", "context":{"environment":"Prod_WestEurope_x00e", "migrationStage":"NotStarted", "server":"GENERAL0200002O"}}
{"logTime": "1125/200334", "correlationVector":"xGps+8gQdjKKLLdAJUNy/O.2","action":"GetUpdates Response", "result":"Success", "context":Received 22 update(s). cV=xGps+8gQdjKKLLdAJUNy/O.0;server=GENERAL0200002O;cloudType=Consumer;environment=Prod_WestEurope_x00e;migrationStage=NotStarted}
{"logTime": "1125/200334", "correlationVector":"6yTo+LqhqLaTI4gY2za/o+","action":"Initial GetUpdates", "result":"", "context":Reason: NEWLY_SUPPORTED_DATATYPE. cV=6yTo+LqhqLaTI4gY2za/o+}
{"logTime": "1125/200335", "correlationVector":"6yTo+LqhqLaTI4gY2za/o+.1","action":"SyncServerConnectionManagerRequest", "result":"SYNC_SERVER_OK", "context":{"environment":"Prod_WestEurope_x00e", "migrationStage":"NotStarted", "server":"GENERAL02000010"}}
{"logTime": "1125/200335", "correlationVector":"6yTo+LqhqLaTI4gY2za/o+.2","action":"GetUpdates Response", "result":"Success", "context":Received 5 update(s). cV=6yTo+LqhqLaTI4gY2za/o+.0;server=GENERAL02000010;cloudType=Consumer;environment=Prod_WestEurope_x00e;migrationStage=NotStarted}
{"logTime": "1125/200335", "correlationVector":"Fv3i1oApv+c5P/m0dBuLfi","action":"Initial GetUpdates", "result":"", "context":Reason: NEWLY_SUPPORTED_DATATYPE. cV=Fv3i1oApv+c5P/m0dBuLfi}
{"logTime": "1125/200335", "correlationVector":"Fv3i1oApv+c5P/m0dBuLfi.1","action":"SyncServerConnectionManagerRequest", "result":"SYNC_SERVER_OK", "context":{"environment":"Prod_WestEurope_x00e", "migrationStage":"NotStarted", "server":"GENERAL0200002W"}}
{"logTime": "1125/200335", "correlationVector":"Fv3i1oApv+c5P/m0dBuLfi.2","action":"GetUpdates Response", "result":"Success", "context":Received 3 update(s). cV=Fv3i1oApv+c5P/m0dBuLfi.0;server=GENERAL0200002W;cloudType=Consumer;environment=Prod_WestEurope_x00e;migrationStage=NotStarted}
{"logTime": "1125/200335", "correlationVector":"05eGExoWTuFUa5b+tabDD0","action":"Normal GetUpdate request", "result":"", "context":cV=05eGExoWTuFUa5b+tabDD0
Nudged types: Sessions, Device Info, User Consents
Refresh requested types: Bookmarks, Preferences, Passwords, Autofill Profiles, Autofill, Typed URLs, Extensions, Sessions, Extension settings, History Delete Directives, Device Info, User Consents, Send Tab To Self, Web Apps, Collection, Edge E Drop, Edge Hub App Usage, Edge Tab Group, Edge Wallet, Encryption Keys}
{"logTime": "1125/200335", "correlationVector":"05eGExoWTuFUa5b+tabDD0.1","action":"SyncServerConnectionManagerRequest", "result":"SYNC_SERVER_OK", "context":{"environment":"Prod_WestEurope_x00e", "migrationStage":"NotStarted", "server":"GENERAL0200002J"}}
{"logTime": "1125/200335", "correlationVector":"05eGExoWTuFUa5b+tabDD0.2","action":"GetUpdates Response", "result":"Success", "context":Received 0 update(s). cV=05eGExoWTuFUa5b+tabDD0.0;server=GENERAL0200002J;cloudType=Consumer;environment=Prod_WestEurope_x00e;migrationStage=NotStarted}
{"logTime": "1125/200335", "correlationVector":"OgUO/Zwyw0yjV2dLp8aYyW","action":"DoCompareDataConsistency requsted types: ", "result":"Bookmarks, Preferences, Passwords, Typed URLs, Extensions, Extension settings, History Delete Directives, Send Tab To Self, Web Apps, Collection, Edge E Drop, Edge Tab Group, Edge Wallet, Encryption Keys"}
{"logTime": "1125/200335", "correlationVector":"OgUO/Zwyw0yjV2dLp8aYyW.0","action":"CompareDataConsistency result: ", "result":"Compare result: Encryption Keys is consistent. local entities count is: 1 local entities hash is: /MO03IbJYezVe+2mGTSHTk7TNwg="}
{"logTime": "1125/200335", "correlationVector":"OgUO/Zwyw0yjV2dLp8aYyW.1","action":"CompareDataConsistency result: ", "result":"Compare result: Bookmarks is consistent. local entities count is: 3 local entities hash is: 15qb0mps9+ByazXHBSVYvezRej4="}
{"logTime": "1125/200335", "correlationVector":"OgUO/Zwyw0yjV2dLp8aYyW.2","action":"CompareDataConsistency result: ", "result":"Compare result: Preferences is consistent. local entities count is: 21 local entities hash is: ZUpuc48+I8R+4aomQDrmCl+07Gg="}
{"logTime": "1125/200335", "correlationVector":"OgUO/Zwyw0yjV2dLp8aYyW.3","action":"CompareDataConsistency result: ", "result":"Server did not send this Typed URLs local entities count is: 0 local entities hash is: "}
{"logTime": "1125/200335", "correlationVector":"OgUO/Zwyw0yjV2dLp8aYyW.4","action":"CompareDataConsistency result: ", "result":"Compare result: Extensions is consistent. local entities count is: 0 local entities hash is: "}
{"logTime": "1125/200335", "correlationVector":"OgUO/Zwyw0yjV2dLp8aYyW.5","action":"CompareDataConsistency result: ", "result":"Compare result: Extension settings is consistent. local entities count is: 0 local entities hash is: "}
{"logTime": "1125/200335", "correlationVector":"OgUO/Zwyw0yjV2dLp8aYyW.6","action":"CompareDataConsistency result: ", "result":"Compare result: History Delete Directives is consistent. local entities count is: 0 local entities hash is: "}
{"logTime": "1125/200335", "correlationVector":"OgUO/Zwyw0yjV2dLp8aYyW.7","action":"CompareDataConsistency result: ", "result":"Server did not send this Send Tab To Self local entities count is: 0 local entities hash is: "}
{"logTime": "1125/200335", "correlationVector":"OgUO/Zwyw0yjV2dLp8aYyW.8","action":"CompareDataConsistency result: ", "result":"Compare result: Web Apps is consistent. local entities count is: 0 local entities hash is: "}
{"logTime": "1125/200335", "correlationVector":"OgUO/Zwyw0yjV2dLp8aYyW.9","action":"CompareDataConsistency result: ", "result":"Compare result: Collection is consistent. local entities count is: 0 local entities hash is: "}
{"logTime": "1125/200335", "correlationVector":"OgUO/Zwyw0yjV2dLp8aYyW.10","action":"CompareDataConsistency result: ", "result":"Compare result: Edge E Drop is consistent. local entities count is: 0 local entities hash is: "}
{"logTime": "1125/200335", "correlationVector":"OgUO/Zwyw0yjV2dLp8aYyW.11","action":"CompareDataConsistency result: ", "result":"Compare result: Edge Tab Group is consistent. local entities count is: 0 local entities hash is: "}
{"logTime": "1125/200335", "correlationVector":"OgUO/Zwyw0yjV2dLp8aYyW.12","action":"CompareDataConsistency result: ", "result":"Compare result: Edge Wallet is consistent. local entities count is: 0 local entities hash is: "}
{"logTime": "1125/200335", "correlationVector":"OgUO/Zwyw0yjV2dLp8aYyW.13","action":"CompareDataConsistency result: ", "result":"Compare result: Passwords is consistent. local entities count is: 0 local entities hash is: "}
{"logTime": "1125/200335", "correlationVector":"l+AXmQIgx5QF52Y9ShPLpg","action":"Commit Request", "result":"", "context":Item count: 5
Contributing types: Sessions, Device Info, User Consents}
{"logTime": "1125/200336", "correlationVector":"l+AXmQIgx5QF52Y9ShPLpg.1","action":"SyncServerConnectionManagerRequest", "result":"SYNC_SERVER_OK", "context":{"environment":"Prod_WestEurope_x00e", "migrationStage":"NotStarted", "server":"GENERAL0200002W"}}
{"logTime": "1125/200336", "correlationVector":"l+AXmQIgx5QF52Y9ShPLpg.2","action":"Commit Response", "result":"Success", "context":Result: Success. cV=l+AXmQIgx5QF52Y9ShPLpg.0;server=GENERAL0200002W;cloudType=Consumer;environment=Prod_WestEurope_x00e;migrationStage=NotStarted}
{"logTime": "1125/200336", "correlationVector":"","action":"DIAGNOSTIC_REQUEST|v1/diagnosticData/Diagnostic.SendCheckResult()|SUCCESS", "result":""}
{"logTime": "1125/200336", "correlationVector":"bYJFZoSsT+yO2f7QxA4CXD","action":"Commit Request", "result":"", "context":Item count: 1
Contributing types: Sessions}
{"logTime": "1125/200336", "correlationVector":"bYJFZoSsT+yO2f7QxA4CXD.1","action":"SyncServerConnectionManagerRequest", "result":"SYNC_SERVER_OK", "context":{"environment":"Prod_WestEurope_x00e", "migrationStage":"NotStarted", "server":"GENERAL0200000W"}}
{"logTime": "1125/200336", "correlationVector":"bYJFZoSsT+yO2f7QxA4CXD.2","action":"Commit Response", "result":"Success", "context":Result: Success. cV=bYJFZoSsT+yO2f7QxA4CXD.0;server=GENERAL0200000W;cloudType=Consumer;environment=Prod_WestEurope_x00e;migrationStage=NotStarted}
{"logTime": "1125/200348", "correlationVector":"OjCKIIBzqbdvBNV+FkwOkz","action":"Commit Request", "result":"", "context":Item count: 1
Contributing types: Preferences}
{"logTime": "1125/200348", "correlationVector":"OjCKIIBzqbdvBNV+FkwOkz.1","action":"SyncServerConnectionManagerRequest", "result":"SYNC_SERVER_OK", "context":{"environment":"Prod_WestEurope_x00e", "migrationStage":"NotStarted", "server":"GENERAL0200000A"}}
{"logTime": "1125/200348", "correlationVector":"OjCKIIBzqbdvBNV+FkwOkz.2","action":"Commit Response", "result":"Success", "context":Result: Success. cV=OjCKIIBzqbdvBNV+FkwOkz.0;server=GENERAL0200000A;cloudType=Consumer;environment=Prod_WestEurope_x00e;migrationStage=NotStarted}
